[
  {
    "line": 1,
    "elements": [
      {
        "line": 6,
        "name": "Log in with an existent account and valid data",
        "description": "",
        "id": "login-into-the-application;log-in-with-an-existent-account-and-valid-data",
        "type": "scenario",
        "keyword": "Scenario",
        "steps": [
          {
            "result": {
              "duration": 5114480018,
              "status": "passed"
            },
            "line": 7,
            "name": "Estefania has an account",
            "match": {
              "location": "LoginSteps.estefaniaHasAnAccount()"
            },
            "keyword": "Given "
          },
          {
            "result": {
              "duration": 1282266,
              "status": "passed"
            },
            "line": 8,
            "name": "she fills the login information",
            "match": {
              "location": "LoginSteps.sheFillsTheLoginInformation()"
            },
            "keyword": "And "
          },
          {
            "result": {
              "duration": 208729227,
              "status": "passed"
            },
            "line": 9,
            "name": "she sends a request to the login service",
            "match": {
              "location": "LoginSteps.sheSendsARequestToTheLoginService()"
            },
            "keyword": "When "
          },
          {
            "result": {
              "error_message": "io.restassured.path.json.exception.JsonPathException: Failed to parse the JSON document\r\n\tat io.restassured.path.json.JsonPath$ExceptionCatcher.invoke(JsonPath.java:930)\r\n\tat io.restassured.path.json.JsonPath$4.doParseWith(JsonPath.java:895)\r\n\tat io.restassured.path.json.JsonPath$JsonParser.parseWith(JsonPath.java:975)\r\n\tat io.restassured.path.json.JsonPath.get(JsonPath.java:201)\r\n\tat steps.GeneralSteps.theServiceShouldResponseWithAToken(GeneralSteps.java:15)\r\n\tat ✽.the service should response with a token(src/test/resources/login.feature:10)\r\nCaused by: java.lang.IllegalArgumentException: The JSON input text should neither be null nor empty.\r\n\tat sun.reflect.NativeConstructorAccessorImpl.newInstance0(Native Method)\r\n\tat sun.reflect.NativeConstructorAccessorImpl.newInstance(NativeConstructorAccessorImpl.java:62)\r\n\tat sun.reflect.DelegatingConstructorAccessorImpl.newInstance(DelegatingConstructorAccessorImpl.java:45)\r\n\tat java.lang.reflect.Constructor.newInstance(Constructor.java:423)\r\n\tat org.codehaus.groovy.reflection.CachedConstructor.invoke(CachedConstructor.java:83)\r\n\tat org.codehaus.groovy.runtime.callsite.ConstructorSite$ConstructorSiteNoUnwrapNoCoerce.callConstructor(ConstructorSite.java:105)\r\n\tat org.codehaus.groovy.runtime.callsite.CallSiteArray.defaultCallConstructor(CallSiteArray.java:60)\r\n\tat org.codehaus.groovy.runtime.callsite.AbstractCallSite.callConstructor(AbstractCallSite.java:235)\r\n\tat org.codehaus.groovy.runtime.callsite.AbstractCallSite.callConstructor(AbstractCallSite.java:247)\r\n\tat io.restassured.internal.path.json.ConfigurableJsonSlurper.parseText(ConfigurableJsonSlurper.groovy:80)\r\n\tat io.restassured.path.json.JsonPath$4$1.method(JsonPath.java:893)\r\n\tat io.restassured.path.json.JsonPath$ExceptionCatcher.invoke(JsonPath.java:928)\r\n\tat io.restassured.path.json.JsonPath$4.doParseWith(JsonPath.java:895)\r\n\tat io.restassured.path.json.JsonPath$JsonParser.parseWith(JsonPath.java:975)\r\n\tat io.restassured.path.json.JsonPath.get(JsonPath.java:201)\r\n\tat steps.GeneralSteps.theServiceShouldResponseWithAToken(GeneralSteps.java:15)\r\n\tat sun.reflect.NativeMethodAccessorImpl.invoke0(Native Method)\r\n\tat sun.reflect.NativeMethodAccessorImpl.invoke(NativeMethodAccessorImpl.java:62)\r\n\tat sun.reflect.DelegatingMethodAccessorImpl.invoke(DelegatingMethodAccessorImpl.java:43)\r\n\tat java.lang.reflect.Method.invoke(Method.java:498)\r\n\tat cucumber.runtime.Utils$1.call(Utils.java:32)\r\n\tat cucumber.runtime.Timeout.timeout(Timeout.java:16)\r\n\tat cucumber.runtime.Utils.invoke(Utils.java:26)\r\n\tat cucumber.runtime.java.JavaStepDefinition.execute(JavaStepDefinition.java:37)\r\n\tat cucumber.runtime.StepDefinitionMatch.runStep(StepDefinitionMatch.java:40)\r\n\tat cucumber.api.TestStep.executeStep(TestStep.java:102)\r\n\tat cucumber.api.TestStep.run(TestStep.java:83)\r\n\tat cucumber.api.TestCase.run(TestCase.java:58)\r\n\tat cucumber.runner.Runner.runPickle(Runner.java:80)\r\n\tat cucumber.runtime.junit.PickleRunners$NoStepDescriptions.run(PickleRunners.java:140)\r\n\tat cucumber.runtime.junit.FeatureRunner.runChild(FeatureRunner.java:68)\r\n\tat cucumber.runtime.junit.FeatureRunner.runChild(FeatureRunner.java:23)\r\n\tat org.junit.runners.ParentRunner$3.run(ParentRunner.java:290)\r\n\tat org.junit.runners.ParentRunner$1.schedule(ParentRunner.java:71)\r\n\tat org.junit.runners.ParentRunner.runChildren(ParentRunner.java:288)\r\n\tat org.junit.runners.ParentRunner.access$000(ParentRunner.java:58)\r\n\tat org.junit.runners.ParentRunner$2.evaluate(ParentRunner.java:268)\r\n\tat org.junit.runners.ParentRunner.run(ParentRunner.java:363)\r\n\tat cucumber.runtime.junit.FeatureRunner.run(FeatureRunner.java:73)\r\n\tat cucumber.api.junit.Cucumber.runChild(Cucumber.java:117)\r\n\tat cucumber.api.junit.Cucumber.runChild(Cucumber.java:55)\r\n\tat org.junit.runners.ParentRunner$3.run(ParentRunner.java:290)\r\n\tat org.junit.runners.ParentRunner$1.schedule(ParentRunner.java:71)\r\n\tat org.junit.runners.ParentRunner.runChildren(ParentRunner.java:288)\r\n\tat org.junit.runners.ParentRunner.access$000(ParentRunner.java:58)\r\n\tat org.junit.runners.ParentRunner$2.evaluate(ParentRunner.java:268)\r\n\tat cucumber.api.junit.Cucumber$1.evaluate(Cucumber.java:126)\r\n\tat org.junit.runners.ParentRunner.run(ParentRunner.java:363)\r\n\tat org.junit.runner.JUnitCore.run(JUnitCore.java:137)\r\n\tat com.intellij.junit4.JUnit4IdeaTestRunner.startRunnerWithArgs(JUnit4IdeaTestRunner.java:68)\r\n\tat com.intellij.rt.execution.junit.IdeaTestRunner$Repeater.startRunnerWithArgs(IdeaTestRunner.java:47)\r\n\tat com.intellij.rt.execution.junit.JUnitStarter.prepareStreamsAndStart(JUnitStarter.java:242)\r\n\tat com.intellij.rt.execution.junit.JUnitStarter.main(JUnitStarter.java:70)\r\n",
              "duration": 113798861,
              "status": "failed"
            },
            "line": 10,
            "name": "the service should response with a token",
            "match": {
              "location": "GeneralSteps.theServiceShouldResponseWithAToken()"
            },
            "keyword": "Then "
          },
          {
            "result": {
              "status": "skipped"
            },
            "line": 11,
            "name": "status code \"200\"",
            "match": {
              "arguments": [
                {
                  "val": "200",
                  "offset": 13
                }
              ],
              "location": "GeneralSteps.statusCode(String)"
            },
            "keyword": "And "
          }
        ]
      },
      {
        "line": 13,
        "name": "Log in with invalid information",
        "description": "",
        "id": "login-into-the-application;log-in-with-invalid-information",
        "type": "scenario",
        "keyword": "Scenario",
        "steps": [
          {
            "result": {
              "duration": 2496946,
              "status": "passed"
            },
            "line": 14,
            "name": "Estefania has invalid login information",
            "match": {
              "location": "LoginSteps.estefaniaHasInvalidLoginInformation()"
            },
            "keyword": "Given "
          },
          {
            "result": {
              "duration": 215595544,
              "status": "passed"
            },
            "line": 15,
            "name": "she sends a request to the login service",
            "match": {
              "location": "LoginSteps.sheSendsARequestToTheLoginService()"
            },
            "keyword": "When "
          },
          {
            "result": {
              "error_message": "io.restassured.path.json.exception.JsonPathException: Failed to parse the JSON document\r\n\tat io.restassured.path.json.JsonPath$ExceptionCatcher.invoke(JsonPath.java:930)\r\n\tat io.restassured.path.json.JsonPath$4.doParseWith(JsonPath.java:895)\r\n\tat io.restassured.path.json.JsonPath$JsonParser.parseWith(JsonPath.java:975)\r\n\tat io.restassured.path.json.JsonPath.get(JsonPath.java:201)\r\n\tat steps.GeneralSteps.theSystemShouldRetrieveError(GeneralSteps.java:33)\r\n\tat ✽.the system should retrieve error \"The email and password do not match\"(src/test/resources/login.feature:16)\r\nCaused by: java.lang.IllegalArgumentException: The JSON input text should neither be null nor empty.\r\n\tat sun.reflect.NativeConstructorAccessorImpl.newInstance0(Native Method)\r\n\tat sun.reflect.NativeConstructorAccessorImpl.newInstance(NativeConstructorAccessorImpl.java:62)\r\n\tat sun.reflect.DelegatingConstructorAccessorImpl.newInstance(DelegatingConstructorAccessorImpl.java:45)\r\n\tat java.lang.reflect.Constructor.newInstance(Constructor.java:423)\r\n\tat org.codehaus.groovy.reflection.CachedConstructor.invoke(CachedConstructor.java:83)\r\n\tat org.codehaus.groovy.runtime.callsite.ConstructorSite$ConstructorSiteNoUnwrapNoCoerce.callConstructor(ConstructorSite.java:105)\r\n\tat org.codehaus.groovy.runtime.callsite.AbstractCallSite.callConstructor(AbstractCallSite.java:247)\r\n\tat io.restassured.internal.path.json.ConfigurableJsonSlurper.parseText(ConfigurableJsonSlurper.groovy:80)\r\n\tat io.restassured.path.json.JsonPath$4$1.method(JsonPath.java:893)\r\n\tat io.restassured.path.json.JsonPath$ExceptionCatcher.invoke(JsonPath.java:928)\r\n\tat io.restassured.path.json.JsonPath$4.doParseWith(JsonPath.java:895)\r\n\tat io.restassured.path.json.JsonPath$JsonParser.parseWith(JsonPath.java:975)\r\n\tat io.restassured.path.json.JsonPath.get(JsonPath.java:201)\r\n\tat steps.GeneralSteps.theSystemShouldRetrieveError(GeneralSteps.java:33)\r\n\tat sun.reflect.NativeMethodAccessorImpl.invoke0(Native Method)\r\n\tat sun.reflect.NativeMethodAccessorImpl.invoke(NativeMethodAccessorImpl.java:62)\r\n\tat sun.reflect.DelegatingMethodAccessorImpl.invoke(DelegatingMethodAccessorImpl.java:43)\r\n\tat java.lang.reflect.Method.invoke(Method.java:498)\r\n\tat cucumber.runtime.Utils$1.call(Utils.java:32)\r\n\tat cucumber.runtime.Timeout.timeout(Timeout.java:16)\r\n\tat cucumber.runtime.Utils.invoke(Utils.java:26)\r\n\tat cucumber.runtime.java.JavaStepDefinition.execute(JavaStepDefinition.java:37)\r\n\tat cucumber.runtime.StepDefinitionMatch.runStep(StepDefinitionMatch.java:40)\r\n\tat cucumber.api.TestStep.executeStep(TestStep.java:102)\r\n\tat cucumber.api.TestStep.run(TestStep.java:83)\r\n\tat cucumber.api.TestCase.run(TestCase.java:58)\r\n\tat cucumber.runner.Runner.runPickle(Runner.java:80)\r\n\tat cucumber.runtime.junit.PickleRunners$NoStepDescriptions.run(PickleRunners.java:140)\r\n\tat cucumber.runtime.junit.FeatureRunner.runChild(FeatureRunner.java:68)\r\n\tat cucumber.runtime.junit.FeatureRunner.runChild(FeatureRunner.java:23)\r\n\tat org.junit.runners.ParentRunner$3.run(ParentRunner.java:290)\r\n\tat org.junit.runners.ParentRunner$1.schedule(ParentRunner.java:71)\r\n\tat org.junit.runners.ParentRunner.runChildren(ParentRunner.java:288)\r\n\tat org.junit.runners.ParentRunner.access$000(ParentRunner.java:58)\r\n\tat org.junit.runners.ParentRunner$2.evaluate(ParentRunner.java:268)\r\n\tat org.junit.runners.ParentRunner.run(ParentRunner.java:363)\r\n\tat cucumber.runtime.junit.FeatureRunner.run(FeatureRunner.java:73)\r\n\tat cucumber.api.junit.Cucumber.runChild(Cucumber.java:117)\r\n\tat cucumber.api.junit.Cucumber.runChild(Cucumber.java:55)\r\n\tat org.junit.runners.ParentRunner$3.run(ParentRunner.java:290)\r\n\tat org.junit.runners.ParentRunner$1.schedule(ParentRunner.java:71)\r\n\tat org.junit.runners.ParentRunner.runChildren(ParentRunner.java:288)\r\n\tat org.junit.runners.ParentRunner.access$000(ParentRunner.java:58)\r\n\tat org.junit.runners.ParentRunner$2.evaluate(ParentRunner.java:268)\r\n\tat cucumber.api.junit.Cucumber$1.evaluate(Cucumber.java:126)\r\n\tat org.junit.runners.ParentRunner.run(ParentRunner.java:363)\r\n\tat org.junit.runner.JUnitCore.run(JUnitCore.java:137)\r\n\tat com.intellij.junit4.JUnit4IdeaTestRunner.startRunnerWithArgs(JUnit4IdeaTestRunner.java:68)\r\n\tat com.intellij.rt.execution.junit.IdeaTestRunner$Repeater.startRunnerWithArgs(IdeaTestRunner.java:47)\r\n\tat com.intellij.rt.execution.junit.JUnitStarter.prepareStreamsAndStart(JUnitStarter.java:242)\r\n\tat com.intellij.rt.execution.junit.JUnitStarter.main(JUnitStarter.java:70)\r\n",
              "duration": 4757525,
              "status": "failed"
            },
            "line": 16,
            "name": "the system should retrieve error \"The email and password do not match\"",
            "match": {
              "arguments": [
                {
                  "val": "The email and password do not match",
                  "offset": 34
                }
              ],
              "location": "GeneralSteps.theSystemShouldRetrieveError(String)"
            },
            "keyword": "Then "
          },
          {
            "result": {
              "status": "skipped"
            },
            "line": 17,
            "name": "status code \"400\"",
            "match": {
              "arguments": [
                {
                  "val": "400",
                  "offset": 13
                }
              ],
              "location": "GeneralSteps.statusCode(String)"
            },
            "keyword": "And "
          }
        ]
      },
      {
        "line": 28,
        "name": "Do not add information in the login form",
        "description": "",
        "id": "login-into-the-application;do-not-add-information-in-the-login-form;;2",
        "type": "scenario",
        "keyword": "Scenario Outline",
        "steps": [
          {
            "result": {
              "duration": 211765359,
              "status": "passed"
            },
            "line": 20,
            "name": "Estefania has an account",
            "match": {
              "location": "LoginSteps.estefaniaHasAnAccount()"
            },
            "keyword": "Given "
          },
          {
            "result": {
              "duration": 291116,
              "status": "passed"
            },
            "line": 21,
            "name": "she doesn\u0027t fill \"email\"",
            "match": {
              "arguments": [
                {
                  "val": "email",
                  "offset": 18
                }
              ],
              "location": "LoginSteps.sheDoesnTFill(String)"
            },
            "keyword": "And "
          },
          {
            "result": {
              "duration": 185943704,
              "status": "passed"
            },
            "line": 22,
            "name": "she sends a request to the login service",
            "match": {
              "location": "LoginSteps.sheSendsARequestToTheLoginService()"
            },
            "keyword": "When "
          },
          {
            "result": {
              "error_message": "io.restassured.path.json.exception.JsonPathException: Failed to parse the JSON document\r\n\tat io.restassured.path.json.JsonPath$ExceptionCatcher.invoke(JsonPath.java:930)\r\n\tat io.restassured.path.json.JsonPath$4.doParseWith(JsonPath.java:895)\r\n\tat io.restassured.path.json.JsonPath$JsonParser.parseWith(JsonPath.java:975)\r\n\tat io.restassured.path.json.JsonPath.get(JsonPath.java:201)\r\n\tat steps.GeneralSteps.theSystemShouldRetrieveError(GeneralSteps.java:33)\r\n\tat ✽.the system should retrieve error \"Please fill all mandatory fields\"(src/test/resources/login.feature:23)\r\nCaused by: java.lang.IllegalArgumentException: The JSON input text should neither be null nor empty.\r\n\tat sun.reflect.NativeConstructorAccessorImpl.newInstance0(Native Method)\r\n\tat sun.reflect.NativeConstructorAccessorImpl.newInstance(NativeConstructorAccessorImpl.java:62)\r\n\tat sun.reflect.DelegatingConstructorAccessorImpl.newInstance(DelegatingConstructorAccessorImpl.java:45)\r\n\tat java.lang.reflect.Constructor.newInstance(Constructor.java:423)\r\n\tat org.codehaus.groovy.reflection.CachedConstructor.invoke(CachedConstructor.java:83)\r\n\tat org.codehaus.groovy.runtime.callsite.ConstructorSite$ConstructorSiteNoUnwrapNoCoerce.callConstructor(ConstructorSite.java:105)\r\n\tat org.codehaus.groovy.runtime.callsite.AbstractCallSite.callConstructor(AbstractCallSite.java:247)\r\n\tat io.restassured.internal.path.json.ConfigurableJsonSlurper.parseText(ConfigurableJsonSlurper.groovy:80)\r\n\tat io.restassured.path.json.JsonPath$4$1.method(JsonPath.java:893)\r\n\tat io.restassured.path.json.JsonPath$ExceptionCatcher.invoke(JsonPath.java:928)\r\n\tat io.restassured.path.json.JsonPath$4.doParseWith(JsonPath.java:895)\r\n\tat io.restassured.path.json.JsonPath$JsonParser.parseWith(JsonPath.java:975)\r\n\tat io.restassured.path.json.JsonPath.get(JsonPath.java:201)\r\n\tat steps.GeneralSteps.theSystemShouldRetrieveError(GeneralSteps.java:33)\r\n\tat sun.reflect.NativeMethodAccessorImpl.invoke0(Native Method)\r\n\tat sun.reflect.NativeMethodAccessorImpl.invoke(NativeMethodAccessorImpl.java:62)\r\n\tat sun.reflect.DelegatingMethodAccessorImpl.invoke(DelegatingMethodAccessorImpl.java:43)\r\n\tat java.lang.reflect.Method.invoke(Method.java:498)\r\n\tat cucumber.runtime.Utils$1.call(Utils.java:32)\r\n\tat cucumber.runtime.Timeout.timeout(Timeout.java:16)\r\n\tat cucumber.runtime.Utils.invoke(Utils.java:26)\r\n\tat cucumber.runtime.java.JavaStepDefinition.execute(JavaStepDefinition.java:37)\r\n\tat cucumber.runtime.StepDefinitionMatch.runStep(StepDefinitionMatch.java:40)\r\n\tat cucumber.api.TestStep.executeStep(TestStep.java:102)\r\n\tat cucumber.api.TestStep.run(TestStep.java:83)\r\n\tat cucumber.api.TestCase.run(TestCase.java:58)\r\n\tat cucumber.runner.Runner.runPickle(Runner.java:80)\r\n\tat cucumber.runtime.junit.PickleRunners$NoStepDescriptions.run(PickleRunners.java:140)\r\n\tat cucumber.runtime.junit.FeatureRunner.runChild(FeatureRunner.java:68)\r\n\tat cucumber.runtime.junit.FeatureRunner.runChild(FeatureRunner.java:23)\r\n\tat org.junit.runners.ParentRunner$3.run(ParentRunner.java:290)\r\n\tat org.junit.runners.ParentRunner$1.schedule(ParentRunner.java:71)\r\n\tat org.junit.runners.ParentRunner.runChildren(ParentRunner.java:288)\r\n\tat org.junit.runners.ParentRunner.access$000(ParentRunner.java:58)\r\n\tat org.junit.runners.ParentRunner$2.evaluate(ParentRunner.java:268)\r\n\tat org.junit.runners.ParentRunner.run(ParentRunner.java:363)\r\n\tat cucumber.runtime.junit.FeatureRunner.run(FeatureRunner.java:73)\r\n\tat cucumber.api.junit.Cucumber.runChild(Cucumber.java:117)\r\n\tat cucumber.api.junit.Cucumber.runChild(Cucumber.java:55)\r\n\tat org.junit.runners.ParentRunner$3.run(ParentRunner.java:290)\r\n\tat org.junit.runners.ParentRunner$1.schedule(ParentRunner.java:71)\r\n\tat org.junit.runners.ParentRunner.runChildren(ParentRunner.java:288)\r\n\tat org.junit.runners.ParentRunner.access$000(ParentRunner.java:58)\r\n\tat org.junit.runners.ParentRunner$2.evaluate(ParentRunner.java:268)\r\n\tat cucumber.api.junit.Cucumber$1.evaluate(Cucumber.java:126)\r\n\tat org.junit.runners.ParentRunner.run(ParentRunner.java:363)\r\n\tat org.junit.runner.JUnitCore.run(JUnitCore.java:137)\r\n\tat com.intellij.junit4.JUnit4IdeaTestRunner.startRunnerWithArgs(JUnit4IdeaTestRunner.java:68)\r\n\tat com.intellij.rt.execution.junit.IdeaTestRunner$Repeater.startRunnerWithArgs(IdeaTestRunner.java:47)\r\n\tat com.intellij.rt.execution.junit.JUnitStarter.prepareStreamsAndStart(JUnitStarter.java:242)\r\n\tat com.intellij.rt.execution.junit.JUnitStarter.main(JUnitStarter.java:70)\r\n",
              "duration": 1513723,
              "status": "failed"
            },
            "line": 23,
            "name": "the system should retrieve error \"Please fill all mandatory fields\"",
            "match": {
              "arguments": [
                {
                  "val": "Please fill all mandatory fields",
                  "offset": 34
                }
              ],
              "location": "GeneralSteps.theSystemShouldRetrieveError(String)"
            },
            "keyword": "Then "
          },
          {
            "result": {
              "status": "skipped"
            },
            "line": 24,
            "name": "status code \"400\"",
            "match": {
              "arguments": [
                {
                  "val": "400",
                  "offset": 13
                }
              ],
              "location": "GeneralSteps.statusCode(String)"
            },
            "keyword": "And "
          }
        ]
      },
      {
        "line": 29,
        "name": "Do not add information in the login form",
        "description": "",
        "id": "login-into-the-application;do-not-add-information-in-the-login-form;;3",
        "type": "scenario",
        "keyword": "Scenario Outline",
        "steps": [
          {
            "result": {
              "duration": 239225339,
              "status": "passed"
            },
            "line": 20,
            "name": "Estefania has an account",
            "match": {
              "location": "LoginSteps.estefaniaHasAnAccount()"
            },
            "keyword": "Given "
          },
          {
            "result": {
              "duration": 413452,
              "status": "passed"
            },
            "line": 21,
            "name": "she doesn\u0027t fill \"password\"",
            "match": {
              "arguments": [
                {
                  "val": "password",
                  "offset": 18
                }
              ],
              "location": "LoginSteps.sheDoesnTFill(String)"
            },
            "keyword": "And "
          },
          {
            "result": {
              "duration": 182817331,
              "status": "passed"
            },
            "line": 22,
            "name": "she sends a request to the login service",
            "match": {
              "location": "LoginSteps.sheSendsARequestToTheLoginService()"
            },
            "keyword": "When "
          },
          {
            "result": {
              "error_message": "io.restassured.path.json.exception.JsonPathException: Failed to parse the JSON document\r\n\tat io.restassured.path.json.JsonPath$ExceptionCatcher.invoke(JsonPath.java:930)\r\n\tat io.restassured.path.json.JsonPath$4.doParseWith(JsonPath.java:895)\r\n\tat io.restassured.path.json.JsonPath$JsonParser.parseWith(JsonPath.java:975)\r\n\tat io.restassured.path.json.JsonPath.get(JsonPath.java:201)\r\n\tat steps.GeneralSteps.theSystemShouldRetrieveError(GeneralSteps.java:33)\r\n\tat ✽.the system should retrieve error \"Please fill all mandatory fields\"(src/test/resources/login.feature:23)\r\nCaused by: java.lang.IllegalArgumentException: The JSON input text should neither be null nor empty.\r\n\tat sun.reflect.NativeConstructorAccessorImpl.newInstance0(Native Method)\r\n\tat sun.reflect.NativeConstructorAccessorImpl.newInstance(NativeConstructorAccessorImpl.java:62)\r\n\tat sun.reflect.DelegatingConstructorAccessorImpl.newInstance(DelegatingConstructorAccessorImpl.java:45)\r\n\tat java.lang.reflect.Constructor.newInstance(Constructor.java:423)\r\n\tat org.codehaus.groovy.reflection.CachedConstructor.invoke(CachedConstructor.java:83)\r\n\tat org.codehaus.groovy.runtime.callsite.ConstructorSite$ConstructorSiteNoUnwrapNoCoerce.callConstructor(ConstructorSite.java:105)\r\n\tat org.codehaus.groovy.runtime.callsite.AbstractCallSite.callConstructor(AbstractCallSite.java:247)\r\n\tat io.restassured.internal.path.json.ConfigurableJsonSlurper.parseText(ConfigurableJsonSlurper.groovy:80)\r\n\tat io.restassured.path.json.JsonPath$4$1.method(JsonPath.java:893)\r\n\tat io.restassured.path.json.JsonPath$ExceptionCatcher.invoke(JsonPath.java:928)\r\n\tat io.restassured.path.json.JsonPath$4.doParseWith(JsonPath.java:895)\r\n\tat io.restassured.path.json.JsonPath$JsonParser.parseWith(JsonPath.java:975)\r\n\tat io.restassured.path.json.JsonPath.get(JsonPath.java:201)\r\n\tat steps.GeneralSteps.theSystemShouldRetrieveError(GeneralSteps.java:33)\r\n\tat sun.reflect.NativeMethodAccessorImpl.invoke0(Native Method)\r\n\tat sun.reflect.NativeMethodAccessorImpl.invoke(NativeMethodAccessorImpl.java:62)\r\n\tat sun.reflect.DelegatingMethodAccessorImpl.invoke(DelegatingMethodAccessorImpl.java:43)\r\n\tat java.lang.reflect.Method.invoke(Method.java:498)\r\n\tat cucumber.runtime.Utils$1.call(Utils.java:32)\r\n\tat cucumber.runtime.Timeout.timeout(Timeout.java:16)\r\n\tat cucumber.runtime.Utils.invoke(Utils.java:26)\r\n\tat cucumber.runtime.java.JavaStepDefinition.execute(JavaStepDefinition.java:37)\r\n\tat cucumber.runtime.StepDefinitionMatch.runStep(StepDefinitionMatch.java:40)\r\n\tat cucumber.api.TestStep.executeStep(TestStep.java:102)\r\n\tat cucumber.api.TestStep.run(TestStep.java:83)\r\n\tat cucumber.api.TestCase.run(TestCase.java:58)\r\n\tat cucumber.runner.Runner.runPickle(Runner.java:80)\r\n\tat cucumber.runtime.junit.PickleRunners$NoStepDescriptions.run(PickleRunners.java:140)\r\n\tat cucumber.runtime.junit.FeatureRunner.runChild(FeatureRunner.java:68)\r\n\tat cucumber.runtime.junit.FeatureRunner.runChild(FeatureRunner.java:23)\r\n\tat org.junit.runners.ParentRunner$3.run(ParentRunner.java:290)\r\n\tat org.junit.runners.ParentRunner$1.schedule(ParentRunner.java:71)\r\n\tat org.junit.runners.ParentRunner.runChildren(ParentRunner.java:288)\r\n\tat org.junit.runners.ParentRunner.access$000(ParentRunner.java:58)\r\n\tat org.junit.runners.ParentRunner$2.evaluate(ParentRunner.java:268)\r\n\tat org.junit.runners.ParentRunner.run(ParentRunner.java:363)\r\n\tat cucumber.runtime.junit.FeatureRunner.run(FeatureRunner.java:73)\r\n\tat cucumber.api.junit.Cucumber.runChild(Cucumber.java:117)\r\n\tat cucumber.api.junit.Cucumber.runChild(Cucumber.java:55)\r\n\tat org.junit.runners.ParentRunner$3.run(ParentRunner.java:290)\r\n\tat org.junit.runners.ParentRunner$1.schedule(ParentRunner.java:71)\r\n\tat org.junit.runners.ParentRunner.runChildren(ParentRunner.java:288)\r\n\tat org.junit.runners.ParentRunner.access$000(ParentRunner.java:58)\r\n\tat org.junit.runners.ParentRunner$2.evaluate(ParentRunner.java:268)\r\n\tat cucumber.api.junit.Cucumber$1.evaluate(Cucumber.java:126)\r\n\tat org.junit.runners.ParentRunner.run(ParentRunner.java:363)\r\n\tat org.junit.runner.JUnitCore.run(JUnitCore.java:137)\r\n\tat com.intellij.junit4.JUnit4IdeaTestRunner.startRunnerWithArgs(JUnit4IdeaTestRunner.java:68)\r\n\tat com.intellij.rt.execution.junit.IdeaTestRunner$Repeater.startRunnerWithArgs(IdeaTestRunner.java:47)\r\n\tat com.intellij.rt.execution.junit.JUnitStarter.prepareStreamsAndStart(JUnitStarter.java:242)\r\n\tat com.intellij.rt.execution.junit.JUnitStarter.main(JUnitStarter.java:70)\r\n",
              "duration": 1773122,
              "status": "failed"
            },
            "line": 23,
            "name": "the system should retrieve error \"Please fill all mandatory fields\"",
            "match": {
              "arguments": [
                {
                  "val": "Please fill all mandatory fields",
                  "offset": 34
                }
              ],
              "location": "GeneralSteps.theSystemShouldRetrieveError(String)"
            },
            "keyword": "Then "
          },
          {
            "result": {
              "status": "skipped"
            },
            "line": 24,
            "name": "status code \"400\"",
            "match": {
              "arguments": [
                {
                  "val": "400",
                  "offset": 13
                }
              ],
              "location": "GeneralSteps.statusCode(String)"
            },
            "keyword": "And "
          }
        ]
      }
    ],
    "name": "Login into the application",
    "description": "  AS a user\n  I WANT TO log in to the website\n  SO THAT I can see my profile and grade events and persons",
    "id": "login-into-the-application",
    "keyword": "Feature",
    "uri": "src/test/resources/login.feature",
    "tags": []
  }
]